<?xml version="1.0" encoding="UTF-8"?>
<testng-results skipped="0" failed="0" total="3" passed="3">
  <reporter-output>
  </reporter-output>
  <suite name="Suite" duration-ms="198578" started-at="2017-04-07T11:22:25Z" finished-at="2017-04-07T11:25:44Z">
    <groups>
    </groups>
    <test name="Test" duration-ms="198578" started-at="2017-04-07T11:22:25Z" finished-at="2017-04-07T11:25:44Z">
      <class name="evs.trts.tests.TestExecute">
        <test-method status="PASS" signature="startbrowser()[pri:0, instance:evs.trts.tests.TestExecute@2be94b0f]" name="startbrowser" is-config="true" duration-ms="2886" started-at="2017-04-07T16:52:25Z" finished-at="2017-04-07T16:52:28Z">
          <reporter-output>
          </reporter-output>
        </test-method> <!-- startbrowser -->
        <test-method status="PASS" signature="createJobRequest()[pri:0, instance:evs.trts.tests.TestExecute@2be94b0f]" name="createJobRequest" duration-ms="95919" started-at="2017-04-07T16:52:28Z" finished-at="2017-04-07T16:54:04Z">
          <reporter-output>
          </reporter-output>
        </test-method> <!-- createJobRequest -->
        <test-method status="PASS" signature="approvewithFPnA()[pri:0, instance:evs.trts.tests.TestExecute@2be94b0f]" name="approvewithFPnA" duration-ms="35778" started-at="2017-04-07T16:54:04Z" depends-on-methods="evs.trts.tests.TestExecute.createJobRequest" finished-at="2017-04-07T16:54:40Z">
          <reporter-output>
          </reporter-output>
        </test-method> <!-- approvewithFPnA -->
        <test-method status="PASS" signature="assignRequestWithTAadmin()[pri:0, instance:evs.trts.tests.TestExecute@2be94b0f]" name="assignRequestWithTAadmin" duration-ms="58675" started-at="2017-04-07T16:54:40Z" depends-on-methods="evs.trts.tests.TestExecute.approvewithFPnA" finished-at="2017-04-07T16:55:39Z">
          <reporter-output>
          </reporter-output>
        </test-method> <!-- assignRequestWithTAadmin -->
        <test-method status="PASS" signature="quitDriver()[pri:0, instance:evs.trts.tests.TestExecute@2be94b0f]" name="quitDriver" is-config="true" duration-ms="5320" started-at="2017-04-07T16:55:39Z" finished-at="2017-04-07T16:55:44Z">
          <reporter-output>
          </reporter-output>
        </test-method> <!-- quitDriver -->
      </class> <!-- evs.trts.tests.TestExecute -->
    </test> <!-- Test -->
  </suite> <!-- Suite -->
</testng-results>
