<?xml version="1.0" encoding="UTF-8"?>
<!-- Generated by org.testng.reporters.JUnitXMLReporter -->
<testsuite hostname="EVS01CPB237" name="Test" tests="3" failures="0" timestamp="7 Apr 2017 11:25:44 GMT" time="198.578" errors="0">
  <testcase name="createJobRequest" time="95.919" classname="evs.trts.tests.TestExecute"/>
  <testcase name="approvewithFPnA" time="35.778" classname="evs.trts.tests.TestExecute"/>
  <testcase name="assignRequestWithTAadmin" time="58.675" classname="evs.trts.tests.TestExecute"/>
</testsuite> <!-- Test -->
